Line 20: Class AniGIFCtrl.AniGIF of control AniGIF1 was not a loaded control class.
Line 27: The property name PLaying in AniGIF1 is invalid.
Line 28: The property name Transparent in AniGIF1 is invalid.
Line 29: The property name Speed in AniGIF1 is invalid.
Line 30: The property name Stretch in AniGIF1 is invalid.
Line 32: The property name SequenceString in AniGIF1 is invalid.
Line 33: The property name Sequence in AniGIF1 is invalid.
Line 34: The property name HTTPProxy in AniGIF1 is invalid.
Line 35: The property name HTTPUserName in AniGIF1 is invalid.
Line 36: The property name HTTPPassword in AniGIF1 is invalid.
Line 38: The property name GIF in AniGIF1 is invalid.
Line 39: The property name ExtendWidth in AniGIF1 is invalid.
Line 40: The property name ExtendHeight in AniGIF1 is invalid.
Line 41: The property name Loop in AniGIF1 is invalid.
Line 42: The property name AutoRewind in AniGIF1 is invalid.
Line 43: The property name Synchronized in AniGIF1 is invalid.
Line 27: The property name PLaying in AniGIF1 is invalid.
Line 28: The property name Transparent in AniGIF1 is invalid.
Line 29: The property name Speed in AniGIF1 is invalid.
Line 30: The property name Stretch in AniGIF1 is invalid.
Line 32: The property name SequenceString in AniGIF1 is invalid.
Line 33: The property name Sequence in AniGIF1 is invalid.
Line 34: The property name HTTPProxy in AniGIF1 is invalid.
Line 35: The property name HTTPUserName in AniGIF1 is invalid.
Line 36: The property name HTTPPassword in AniGIF1 is invalid.
Line 38: The property name GIF in AniGIF1 is invalid.
Line 39: The property name ExtendWidth in AniGIF1 is invalid.
Line 40: The property name ExtendHeight in AniGIF1 is invalid.
Line 41: The property name Loop in AniGIF1 is invalid.
Line 42: The property name AutoRewind in AniGIF1 is invalid.
Line 43: The property name Synchronized in AniGIF1 is invalid.
