Line 115: Class ShockwaveFlashObjectsCtl.ShockwaveFlash of control SBEMAIL was not a loaded control class.
Line 142: Class ShockwaveFlashObjectsCtl.ShockwaveFlash of control SBEMAIL100 was not a loaded control class.
Line 121: The property name _cx in SBEMAIL is invalid.
Line 122: The property name _cy in SBEMAIL is invalid.
Line 123: The property name FlashVars in SBEMAIL is invalid.
Line 124: The property name Movie in SBEMAIL is invalid.
Line 125: The property name Src in SBEMAIL is invalid.
Line 126: The property name WMode in SBEMAIL is invalid.
Line 127: The property name Play in SBEMAIL is invalid.
Line 128: The property name Loop in SBEMAIL is invalid.
Line 129: The property name Quality in SBEMAIL is invalid.
Line 130: The property name SAlign in SBEMAIL is invalid.
Line 131: The property name Menu in SBEMAIL is invalid.
Line 132: The property name Base in SBEMAIL is invalid.
Line 133: The property name AllowScriptAccess in SBEMAIL is invalid.
Line 134: The property name Scale in SBEMAIL is invalid.
Line 135: The property name DeviceFont in SBEMAIL is invalid.
Line 136: The property name EmbedMovie in SBEMAIL is invalid.
Line 137: The property name BGColor in SBEMAIL is invalid.
Line 138: The property name SWRemote in SBEMAIL is invalid.
Line 139: The property name MovieData in SBEMAIL is invalid.
Line 140: The property name SeamlessTabbing in SBEMAIL is invalid.
Line 148: The property name _cx in SBEMAIL100 is invalid.
Line 149: The property name _cy in SBEMAIL100 is invalid.
Line 150: The property name FlashVars in SBEMAIL100 is invalid.
Line 151: The property name Movie in SBEMAIL100 is invalid.
Line 152: The property name Src in SBEMAIL100 is invalid.
Line 153: The property name WMode in SBEMAIL100 is invalid.
Line 154: The property name Play in SBEMAIL100 is invalid.
Line 155: The property name Loop in SBEMAIL100 is invalid.
Line 156: The property name Quality in SBEMAIL100 is invalid.
Line 157: The property name SAlign in SBEMAIL100 is invalid.
Line 158: The property name Menu in SBEMAIL100 is invalid.
Line 159: The property name Base in SBEMAIL100 is invalid.
Line 160: The property name AllowScriptAccess in SBEMAIL100 is invalid.
Line 161: The property name Scale in SBEMAIL100 is invalid.
Line 162: The property name DeviceFont in SBEMAIL100 is invalid.
Line 163: The property name EmbedMovie in SBEMAIL100 is invalid.
Line 164: The property name BGColor in SBEMAIL100 is invalid.
Line 165: The property name SWRemote in SBEMAIL100 is invalid.
Line 166: The property name MovieData in SBEMAIL100 is invalid.
Line 167: The property name SeamlessTabbing in SBEMAIL100 is invalid.
